<?xml version="1.0" encoding="UTF-8"?>
<!-- Generated by org.testng.reporters.JUnitReportReporter -->
<testsuite hostname="SOUMY" failures="0" tests="1" name="qa.test.TestCase1" time="14.798" errors="0" timestamp="2023-03-27T03:53:33 IST" skipped="0">
  <testcase classname="qa.test.TestCase1" name="sampleMethodForEnteringCredentials" time="14.798"/>
  <system-out/>
</testsuite> <!-- qa.test.TestCase1 -->
